<?xml version="1.0" encoding="UTF-8"?>
<!-- Generated by org.testng.reporters.JUnitReportReporter -->
<testsuite hostname="Shreyonika" failures="0" tests="66" name="tests.Services" time="1448.299" errors="0" timestamp="2024-05-30T10:48:15 IST" skipped="0">
  <testcase classname="tests.Services" name="TC_001_Customer_Signin" time="18.874"/>
  <system-out/>
  <testcase classname="tests.Services" name="TC_076_selectHomeFlats1to4bhk" time="22.235"/>
  <system-out/>
  <testcase classname="tests.Services" name="TC_077_selectHomeFlatsConsultation" time="20.276"/>
  <system-out/>
  <testcase classname="tests.Services" name="TC_078_selectCommercialBuildingApartment11floor" time="23.230"/>
  <system-out/>
  <testcase classname="tests.Services" name="TC_079_selectCommercialBuildingConsultation" time="19.427"/>
  <system-out/>
  <testcase classname="tests.Services" name="TC_080_selectOfficelessthan5k" time="20.474"/>
  <system-out/>
  <testcase classname="tests.Services" name="TC_081_selectOfficeConsultation" time="20.264"/>
  <system-out/>
  <testcase classname="tests.Services" name="TC_082_selectFaucetInstallationJetSprayInstall" time="21.658"/>
  <system-out/>
  <testcase classname="tests.Services" name="TC_083_selectFaucetInstallationShowerHeadInstall" time="21.876"/>
  <system-out/>
  <testcase classname="tests.Services" name="TC_084_selectFaucetInstallationTapsInstall" time="30.682"/>
  <system-out/>
  <testcase classname="tests.Services" name="TC_085_selectFaucetInstallationMixerInstall" time="23.686"/>
  <system-out/>
  <testcase classname="tests.Services" name="TC_086_selectFaucetInstallationjetSprayRepair" time="21.817"/>
  <system-out/>
  <testcase classname="tests.Services" name="TC_087_selectFaucetInstallationShowerHeadRepair" time="37.509"/>
  <system-out/>
  <testcase classname="tests.Services" name="TC_088_selectFaucetInstallationTapsRepair" time="25.911"/>
  <system-out/>
  <testcase classname="tests.Services" name="TC_089_selectFaucetInstallationMixerRepair" time="26.286"/>
  <system-out/>
  <testcase classname="tests.Services" name="TC_090_selectTapMixerTapInstall" time="23.756"/>
  <system-out/>
  <testcase classname="tests.Services" name="TC_091_selectTapMixerMixerInstall" time="21.750"/>
  <system-out/>
  <testcase classname="tests.Services" name="TC_092_selectTapMixerTapsRepair" time="19.012"/>
  <system-out/>
  <testcase classname="tests.Services" name="TC_093_selectTapMixerMixerRepair" time="21.958"/>
  <system-out/>
  <testcase classname="tests.Services" name="TC_094_selectTapMixerTapsUninstall" time="23.829"/>
  <system-out/>
  <testcase classname="tests.Services" name="TC_095_selectTapMixerMixerUninstall" time="24.637"/>
  <system-out/>
  <testcase classname="tests.Services" name="TC_096_selectTapMixerConsultation" time="23.219"/>
  <system-out/>
  <testcase classname="tests.Services" name="TC_097_selectToiletCommodeInstall" time="21.812"/>
  <system-out/>
  <testcase classname="tests.Services" name="TC_098_selectToiletCommodeRepair" time="22.680"/>
  <system-out/>
  <testcase classname="tests.Services" name="TC_099_selectToiletCommodeUninstall" time="24.275"/>
  <system-out/>
  <testcase classname="tests.Services" name="TC_100_selectToiletIndianToiletsInstall" time="20.828"/>
  <system-out/>
  <testcase classname="tests.Services" name="TC_101_selectToiletIndianToiletsRepair" time="23.056"/>
  <system-out/>
  <testcase classname="tests.Services" name="TC_102_selectToiletIndianToiletsUninstall" time="23.579"/>
  <system-out/>
  <testcase classname="tests.Services" name="TC_103_selectToiletFlushIssues" time="25.410"/>
  <system-out/>
  <testcase classname="tests.Services" name="TC_104_selectToiletConsultation" time="21.994"/>
  <system-out/>
  <testcase classname="tests.Services" name="TC_105_selectBasinSinkInstall" time="21.742"/>
  <system-out/>
  <testcase classname="tests.Services" name="TC_106_selectBasinSinkRepair" time="16.182"/>
  <system-out/>
  <testcase classname="tests.Services" name="TC_107_selectBasinSinkUninstall" time="19.791"/>
  <system-out/>
  <testcase classname="tests.Services" name="TC_108_selectBasinSinkConsultation" time="16.569"/>
  <system-out/>
  <testcase classname="tests.Services" name="TC_109_selectDrainWastePipeRemoval" time="19.986"/>
  <system-out/>
  <testcase classname="tests.Services" name="TC_110_selectDrainWastePipeConsultation" time="16.788"/>
  <system-out/>
  <testcase classname="tests.Services" name="TC_111_selectWaterStorageInstall" time="23.628"/>
  <system-out/>
  <testcase classname="tests.Services" name="TC_112_selectWaterStorageConsultation" time="16.584"/>
  <system-out/>
  <testcase classname="tests.Services" name="TC_113_selectACMaintatinance" time="21.863"/>
  <system-out/>
  <testcase classname="tests.Services" name="TC_114_selectACInstallation" time="19.428"/>
  <system-out/>
  <testcase classname="tests.Services" name="TC_115_selectACUninstallation" time="21.906"/>
  <system-out/>
  <testcase classname="tests.Services" name="TC_116_selectACCleaningwithBlower" time="20.541"/>
  <system-out/>
  <testcase classname="tests.Services" name="TC_117_selectACCleaningwithFoam" time="20.793"/>
  <system-out/>
  <testcase classname="tests.Services" name="TC_118_selectACLeakage" time="24.203"/>
  <system-out/>
  <testcase classname="tests.Services" name="TC_119_selectACConsulatation" time="23.307"/>
  <system-out/>
  <testcase classname="tests.Services" name="TC_120_selectTVDisplayIssue" time="21.265"/>
  <system-out/>
  <testcase classname="tests.Services" name="TC_121_selectTVPCBIssue" time="22.273"/>
  <system-out/>
  <testcase classname="tests.Services" name="TC_122_selectTVConsultation" time="20.765"/>
  <system-out/>
  <testcase classname="tests.Services" name="TC_123_selectFridgeFrosting" time="21.744"/>
  <system-out/>
  <testcase classname="tests.Services" name="TC_124_selectFridgeSmellIssue" time="21.390"/>
  <system-out/>
  <testcase classname="tests.Services" name="TC_125_selectFridgeCompressor" time="22.283"/>
  <system-out/>
  <testcase classname="tests.Services" name="TC_126_selectFridgeInsufficientCooling" time="22.731"/>
  <system-out/>
  <testcase classname="tests.Services" name="TC_127_selectWashingMachine" time="20.759"/>
  <system-out/>
  <testcase classname="tests.Services" name="TC_128_selectWashingMachineMotorIssue" time="22.266"/>
  <system-out/>
  <testcase classname="tests.Services" name="TC_129_selectWashingMachineDrumIssue" time="21.688"/>
  <system-out/>
  <testcase classname="tests.Services" name="TC_130_selectNewFurnitureEstimate" time="23.957"/>
  <system-out/>
  <testcase classname="tests.Services" name="TC_131_selectOldFurnitureRepair" time="22.302"/>
  <system-out/>
  <testcase classname="tests.Services" name="TC_132_selectPolishWoodenFurniture" time="22.102"/>
  <system-out/>
  <testcase classname="tests.Services" name="TC_133_selectBathroomCompletewash" time="22.196"/>
  <system-out/>
  <testcase classname="tests.Services" name="TC_134_selectBathroomChemicalwash" time="20.001"/>
  <system-out/>
  <testcase classname="tests.Services" name="TC_135_selectHomeRoomsClean" time="20.075"/>
  <system-out/>
  <testcase classname="tests.Services" name="TC_136_selectHomeCompleteClean" time="21.623"/>
  <system-out/>
  <testcase classname="tests.Services" name="TC_137_selectOfficeCommercialConsultation" time="16.409"/>
  <system-out/>
  <testcase classname="tests.Services" name="TC_138_checkErrorforMaxQuantity" time="23.212"/>
  <system-out/>
  <testcase classname="tests.Services" name="TC_139_checkErrorforMultipleCategeryServices" time="24.249"/>
  <system-out/>
  <testcase classname="tests.Services" name="TC_140_checkErrorforNotselectingTime" time="15.698"/>
  <system-out/>
</testsuite> <!-- tests.Services -->
