<?xml version="1.0" encoding="UTF-8"?>
<!-- Generated by org.testng.reporters.JUnitReportReporter -->
<testsuite hostname="DESKTOP-GHF380V" failures="0" tests="3" name="tests.CustomerTests" time="7.172" errors="0" timestamp="2024-05-05T13:12:52 IST" skipped="2">
  <testcase classname="tests.CustomerTests" name="TC_002_Customer_Signin" time="7.172"/>
  <testcase classname="tests.CustomerTests" name="TC_001_Customer_Sign_up">
    <skipped/>
  </testcase> <!-- TC_001_Customer_Sign_up -->
  <testcase classname="tests.CustomerTests" name="TC_001_Customer_Sign_up">
    <skipped/>
  </testcase> <!-- TC_001_Customer_Sign_up -->
</testsuite> <!-- tests.CustomerTests -->
