<?xml version="1.0" encoding="UTF-8"?>
<!-- Generated by org.testng.reporters.JUnitReportReporter -->
<testsuite hostname="DESKTOP-GHF380V" failures="0" tests="1" name="tests.VendorSignUpTest" time="27.923" errors="0" timestamp="2024-04-26T23:28:16 IST" skipped="0">
  <testcase classname="tests.VendorSignUpTest" name="Vendor_SignUp_Test" time="27.923"/>
</testsuite> <!-- tests.VendorSignUpTest -->
