<?xml version="1.0" encoding="UTF-8"?>
<!-- Generated by org.testng.reporters.JUnitReportReporter -->
<testsuite hostname="DESKTOP-GHF380V" failures="0" tests="3" name="tests.VendorTests" time="68.673" errors="0" timestamp="2024-04-29T11:22:14 IST" skipped="2">
  <testcase classname="tests.VendorTests" name="vendor_SignIn_Test_ErrorMessage" time="68.673"/>
  <testcase classname="tests.VendorTests" name="vendor_SignIn_Test">
    <skipped/>
  </testcase> <!-- vendor_SignIn_Test -->
  <testcase classname="tests.VendorTests" name="vendor_SignUp_Test">
    <skipped/>
  </testcase> <!-- vendor_SignUp_Test -->
</testsuite> <!-- tests.VendorTests -->
