<?xml version="1.0" encoding="UTF-8"?>
<!-- Generated by org.testng.reporters.JUnitReportReporter -->
<testsuite hostname="DESKTOP-GHF380V" failures="0" tests="1" name="HomeLyf.mobileDemoProject.Base" time="16.267" errors="0" timestamp="2024-04-19T00:45:52 IST" skipped="0">
  <testcase classname="HomeLyf.mobileDemoProject.Base" name="StartServer" time="16.267"/>
</testsuite> <!-- HomeLyf.mobileDemoProject.Base -->
