<?xml version="1.0" encoding="UTF-8"?>
<!-- Generated by org.testng.reporters.JUnitReportReporter -->
<testsuite hostname="DESKTOP-GHF380V" failures="0" tests="1" name="utils.AppiumServerManager" time="9.901" errors="0" timestamp="2024-04-22T09:30:14 IST" skipped="0">
  <testcase classname="utils.AppiumServerManager" name="startAppiumServer" time="9.901"/>
</testsuite> <!-- utils.AppiumServerManager -->
