<?xml version="1.0" encoding="UTF-8"?>
<!-- Generated by org.testng.reporters.JUnitReportReporter -->
<testsuite hostname="DESKTOP-GHF380V" failures="0" tests="1" name="tests.CustomerTests" time="26.458" errors="0" timestamp="2024-04-21T22:32:40 IST" skipped="0">
  <testcase classname="tests.CustomerTests" name="customer_Login_Test" time="26.458"/>
</testsuite> <!-- tests.CustomerTests -->
