<?xml version="1.0" encoding="UTF-8"?>
<!-- Generated by org.testng.reporters.JUnitReportReporter -->
<testsuite hostname="DESKTOP-GHF380V" failures="0" tests="2" name="tests.TC_Customer" time="13.618" errors="0" timestamp="2024-04-28T04:47:39 IST" skipped="1">
  <testcase classname="tests.TC_Customer" name="TC_002_Customer_Signin" time="13.618"/>
  <testcase classname="tests.TC_Customer" name="TC_001_Customer_Sign_up">
    <skipped/>
  </testcase> <!-- TC_001_Customer_Sign_up -->
</testsuite> <!-- tests.TC_Customer -->
