<?xml version="1.0" encoding="UTF-8"?>
<!-- Generated by org.testng.reporters.JUnitReportReporter -->
<testsuite hostname="DESKTOP-GHF380V" failures="0" tests="7" name="tests.VendorTests" time="26.510" errors="0" timestamp="2024-05-05T14:02:59 IST" skipped="6">
  <testcase classname="tests.VendorTests" name="vendor_SignIn_Invalid_Test" time="26.510"/>
  <testcase classname="tests.VendorTests" name="vendor_SignIn_Test">
    <skipped/>
  </testcase> <!-- vendor_SignIn_Test -->
  <testcase classname="tests.VendorTests" name="vendor_SignUp_blank_Test">
    <skipped/>
  </testcase> <!-- vendor_SignUp_blank_Test -->
  <testcase classname="tests.VendorTests" name="vendor_SignUp_InvalidError_Test">
    <skipped/>
  </testcase> <!-- vendor_SignUp_InvalidError_Test -->
  <testcase classname="tests.VendorTests" name="vendor_SignUp_Test">
    <skipped/>
  </testcase> <!-- vendor_SignUp_Test -->
  <testcase classname="tests.VendorTests" name="vendor_SignUp_Invalid_Test">
    <skipped/>
  </testcase> <!-- vendor_SignUp_Invalid_Test -->
  <testcase classname="tests.VendorTests" name="vendor_SignIn_Blank_Test">
    <skipped/>
  </testcase> <!-- vendor_SignIn_Blank_Test -->
</testsuite> <!-- tests.VendorTests -->
