<?xml version="1.0" encoding="UTF-8"?>
<!-- Generated by org.testng.reporters.JUnitReportReporter -->
<testsuite hostname="DESKTOP-GHF380V" failures="0" tests="1" name="pages.BasePage" time="45.692" errors="0" timestamp="2024-04-19T14:57:20 IST" skipped="0">
  <testcase classname="pages.BasePage" name="configureAppium" time="45.692"/>
</testsuite> <!-- pages.BasePage -->
